c:\users\bang8\desktop\programming_lesson_06\programming_lesson_06\trainingframework\debug-nvidia\vc141.pdb
c:\users\bang8\desktop\programming_lesson_06\programming_lesson_06\trainingframework\debug-nvidia\vc141.idb
c:\users\bang8\desktop\programming_lesson_06\programming_lesson_06\trainingframework\debug-nvidia\gshighscore.obj
c:\users\bang8\desktop\programming_lesson_06\programming_lesson_06\trainingframework\debug-nvidia\application.obj
c:\users\bang8\desktop\programming_lesson_06\programming_lesson_06\trainingframework\debug-nvidia\resourcemanagers.obj
c:\users\bang8\desktop\programming_lesson_06\programming_lesson_06\trainingframework\debug-nvidia\font.obj
c:\users\bang8\desktop\programming_lesson_06\programming_lesson_06\trainingframework\debug-nvidia\gamebutton.obj
c:\users\bang8\desktop\programming_lesson_06\programming_lesson_06\trainingframework\debug-nvidia\sprite2d.obj
c:\users\bang8\desktop\programming_lesson_06\programming_lesson_06\trainingframework\debug-nvidia\camera.obj
c:\users\bang8\desktop\programming_lesson_06\programming_lesson_06\trainingframework\debug-nvidia\sprite3d.obj
c:\users\bang8\desktop\programming_lesson_06\programming_lesson_06\trainingframework\debug-nvidia\models.obj
c:\users\bang8\desktop\programming_lesson_06\programming_lesson_06\trainingframework\debug-nvidia\shaders.obj
c:\users\bang8\desktop\programming_lesson_06\programming_lesson_06\trainingframework\debug-nvidia\text.obj
c:\users\bang8\desktop\programming_lesson_06\programming_lesson_06\trainingframework\debug-nvidia\texture.obj
c:\users\bang8\desktop\programming_lesson_06\programming_lesson_06\trainingframework\debug-nvidia\gamestatebase.obj
c:\users\bang8\desktop\programming_lesson_06\programming_lesson_06\trainingframework\debug-nvidia\gamestatemachine.obj
c:\users\bang8\desktop\programming_lesson_06\programming_lesson_06\trainingframework\debug-nvidia\gsintro.obj
c:\users\bang8\desktop\programming_lesson_06\programming_lesson_06\trainingframework\debug-nvidia\gsmenu.obj
c:\users\bang8\desktop\programming_lesson_06\programming_lesson_06\trainingframework\debug-nvidia\gsplay.obj
c:\users\bang8\desktop\programming_lesson_06\programming_lesson_06\trainingframework\debug-nvidia\trainingframework.obj
c:\users\bang8\desktop\programming_lesson_06\programming_lesson_06\bin-nvidia\trainingframework.ilk
c:\users\bang8\desktop\programming_lesson_06\programming_lesson_06\bin-nvidia\trainingframework.exe
c:\users\bang8\desktop\programming_lesson_06\programming_lesson_06\bin-nvidia\trainingframework.pdb
c:\users\bang8\desktop\programming_lesson_06\programming_lesson_06\trainingframework\debug-nvidia\trainingframework.res
c:\users\bang8\desktop\programming_lesson_06\programming_lesson_06\\bin-nvidia\trainingframework.pdb
c:\users\bang8\desktop\programming_lesson_06\programming_lesson_06\\bin-nvidia\trainingframework.exe
c:\users\bang8\desktop\programming_lesson_06\programming_lesson_06\\bin-nvidia\trainingframework.ilk
c:\users\bang8\desktop\programming_lesson_06\programming_lesson_06\trainingframework\debug-nvidia\training.fc024ec8.tlog\cl.command.1.tlog
c:\users\bang8\desktop\programming_lesson_06\programming_lesson_06\trainingframework\debug-nvidia\training.fc024ec8.tlog\cl.read.1.tlog
c:\users\bang8\desktop\programming_lesson_06\programming_lesson_06\trainingframework\debug-nvidia\training.fc024ec8.tlog\cl.write.1.tlog
c:\users\bang8\desktop\programming_lesson_06\programming_lesson_06\trainingframework\debug-nvidia\training.fc024ec8.tlog\link.command.1.tlog
c:\users\bang8\desktop\programming_lesson_06\programming_lesson_06\trainingframework\debug-nvidia\training.fc024ec8.tlog\link.read.1.tlog
c:\users\bang8\desktop\programming_lesson_06\programming_lesson_06\trainingframework\debug-nvidia\training.fc024ec8.tlog\link.write.1.tlog
c:\users\bang8\desktop\programming_lesson_06\programming_lesson_06\trainingframework\debug-nvidia\training.fc024ec8.tlog\rc.command.1.tlog
c:\users\bang8\desktop\programming_lesson_06\programming_lesson_06\trainingframework\debug-nvidia\training.fc024ec8.tlog\rc.read.1.tlog
c:\users\bang8\desktop\programming_lesson_06\programming_lesson_06\trainingframework\debug-nvidia\training.fc024ec8.tlog\rc.write.1.tlog
