c:\users\bang8\desktop\git_test\hin018_gameloft_nguyenvanbang\programming_lesson_06\trainingframework\release-nvidia\vc141.pdb
c:\users\bang8\desktop\git_test\hin018_gameloft_nguyenvanbang\programming_lesson_06\trainingframework\release-nvidia\shaders.obj
c:\users\bang8\desktop\git_test\hin018_gameloft_nguyenvanbang\programming_lesson_06\trainingframework\release-nvidia\models.obj
c:\users\bang8\desktop\git_test\hin018_gameloft_nguyenvanbang\programming_lesson_06\trainingframework\release-nvidia\sprite3d.obj
c:\users\bang8\desktop\git_test\hin018_gameloft_nguyenvanbang\programming_lesson_06\trainingframework\release-nvidia\camera.obj
c:\users\bang8\desktop\git_test\hin018_gameloft_nguyenvanbang\programming_lesson_06\trainingframework\release-nvidia\sprite2d.obj
c:\users\bang8\desktop\git_test\hin018_gameloft_nguyenvanbang\programming_lesson_06\trainingframework\release-nvidia\gamebutton.obj
c:\users\bang8\desktop\git_test\hin018_gameloft_nguyenvanbang\programming_lesson_06\trainingframework\release-nvidia\font.obj
c:\users\bang8\desktop\git_test\hin018_gameloft_nguyenvanbang\programming_lesson_06\trainingframework\release-nvidia\animation.obj
c:\users\bang8\desktop\git_test\hin018_gameloft_nguyenvanbang\programming_lesson_06\trainingframework\release-nvidia\resourcemanagers.obj
c:\users\bang8\desktop\git_test\hin018_gameloft_nguyenvanbang\programming_lesson_06\trainingframework\release-nvidia\woodblock.obj
c:\users\bang8\desktop\git_test\hin018_gameloft_nguyenvanbang\programming_lesson_06\trainingframework\release-nvidia\vec2i.obj
c:\users\bang8\desktop\git_test\hin018_gameloft_nguyenvanbang\programming_lesson_06\trainingframework\release-nvidia\player.obj
c:\users\bang8\desktop\git_test\hin018_gameloft_nguyenvanbang\programming_lesson_06\trainingframework\release-nvidia\map.obj
c:\users\bang8\desktop\git_test\hin018_gameloft_nguyenvanbang\programming_lesson_06\trainingframework\release-nvidia\entity.obj
c:\users\bang8\desktop\git_test\hin018_gameloft_nguyenvanbang\programming_lesson_06\trainingframework\release-nvidia\enemy.obj
c:\users\bang8\desktop\git_test\hin018_gameloft_nguyenvanbang\programming_lesson_06\trainingframework\release-nvidia\boom.obj
c:\users\bang8\desktop\git_test\hin018_gameloft_nguyenvanbang\programming_lesson_06\trainingframework\release-nvidia\blockcantdestroy1.obj
c:\users\bang8\desktop\git_test\hin018_gameloft_nguyenvanbang\programming_lesson_06\trainingframework\release-nvidia\block.obj
c:\users\bang8\desktop\git_test\hin018_gameloft_nguyenvanbang\programming_lesson_06\trainingframework\release-nvidia\aliveentites.obj
c:\users\bang8\desktop\git_test\hin018_gameloft_nguyenvanbang\programming_lesson_06\trainingframework\release-nvidia\application.obj
c:\users\bang8\desktop\git_test\hin018_gameloft_nguyenvanbang\programming_lesson_06\trainingframework\release-nvidia\trainingframework.obj
c:\users\bang8\desktop\git_test\hin018_gameloft_nguyenvanbang\programming_lesson_06\trainingframework\release-nvidia\gsplay.obj
c:\users\bang8\desktop\git_test\hin018_gameloft_nguyenvanbang\programming_lesson_06\trainingframework\release-nvidia\gsmenu.obj
c:\users\bang8\desktop\git_test\hin018_gameloft_nguyenvanbang\programming_lesson_06\trainingframework\release-nvidia\gsintro.obj
c:\users\bang8\desktop\git_test\hin018_gameloft_nguyenvanbang\programming_lesson_06\trainingframework\release-nvidia\gscredits.obj
c:\users\bang8\desktop\git_test\hin018_gameloft_nguyenvanbang\programming_lesson_06\trainingframework\release-nvidia\gamestatemachine.obj
c:\users\bang8\desktop\git_test\hin018_gameloft_nguyenvanbang\programming_lesson_06\trainingframework\release-nvidia\gamestatebase.obj
c:\users\bang8\desktop\git_test\hin018_gameloft_nguyenvanbang\programming_lesson_06\trainingframework\release-nvidia\texture.obj
c:\users\bang8\desktop\git_test\hin018_gameloft_nguyenvanbang\programming_lesson_06\trainingframework\release-nvidia\text.obj
c:\users\bang8\desktop\git_test\hin018_gameloft_nguyenvanbang\programming_lesson_06\trainingframework\release-nvidia\playerdata.obj
c:\users\bang8\desktop\git_test\hin018_gameloft_nguyenvanbang\programming_lesson_06\trainingframework\release-nvidia\item.obj
c:\users\bang8\desktop\git_test\hin018_gameloft_nguyenvanbang\programming_lesson_06\trainingframework\release-nvidia\enemy1.obj
c:\users\bang8\desktop\git_test\hin018_gameloft_nguyenvanbang\programming_lesson_06\trainingframework\release-nvidia\gswin.obj
c:\users\bang8\desktop\git_test\hin018_gameloft_nguyenvanbang\programming_lesson_06\trainingframework\release-nvidia\gshelp.obj
c:\users\bang8\desktop\git_test\hin018_gameloft_nguyenvanbang\programming_lesson_06\trainingframework\release-nvidia\enemy2.obj
c:\users\bang8\desktop\git_test\hin018_gameloft_nguyenvanbang\programming_lesson_06\trainingframework\release-nvidia\soundmanager.obj
c:\users\bang8\desktop\git_test\hin018_gameloft_nguyenvanbang\programming_lesson_06\trainingframework\release-nvidia\enemy3.obj
c:\users\bang8\desktop\git_test\hin018_gameloft_nguyenvanbang\programming_lesson_06\trainingframework\release-nvidia\gspause.obj
c:\users\bang8\desktop\git_test\hin018_gameloft_nguyenvanbang\programming_lesson_06\trainingframework\release-nvidia\gsoptions.obj
c:\users\bang8\desktop\git_test\hin018_gameloft_nguyenvanbang\programming_lesson_06\trainingframework\release-nvidia\gslose.obj
c:\users\bang8\desktop\git_test\hin018_gameloft_nguyenvanbang\programming_lesson_06\bin-nvidia\trainingframework.exe
c:\users\bang8\desktop\git_test\hin018_gameloft_nguyenvanbang\programming_lesson_06\bin-nvidia\trainingframework.pdb
c:\users\bang8\desktop\git_test\hin018_gameloft_nguyenvanbang\programming_lesson_06\trainingframework\release-nvidia\trainingframework.res
c:\users\bang8\desktop\git_test\hin018_gameloft_nguyenvanbang\programming_lesson_06\bin-nvidia\trainingframework.ipdb
c:\users\bang8\desktop\git_test\hin018_gameloft_nguyenvanbang\programming_lesson_06\bin-nvidia\trainingframework.iobj
c:\users\bang8\desktop\git_test\hin018_gameloft_nguyenvanbang\programming_lesson_06\\bin-nvidia\trainingframework.pdb
c:\users\bang8\desktop\git_test\hin018_gameloft_nguyenvanbang\programming_lesson_06\\bin-nvidia\trainingframework.exe
c:\users\bang8\desktop\git_test\hin018_gameloft_nguyenvanbang\programming_lesson_06\\bin-nvidia\trainingframework.ilk
c:\users\bang8\desktop\git_test\hin018_gameloft_nguyenvanbang\programming_lesson_06\trainingframework\release-nvidia\training.fc024ec8.tlog\cl.command.1.tlog
c:\users\bang8\desktop\git_test\hin018_gameloft_nguyenvanbang\programming_lesson_06\trainingframework\release-nvidia\training.fc024ec8.tlog\cl.read.1.tlog
c:\users\bang8\desktop\git_test\hin018_gameloft_nguyenvanbang\programming_lesson_06\trainingframework\release-nvidia\training.fc024ec8.tlog\cl.write.1.tlog
c:\users\bang8\desktop\git_test\hin018_gameloft_nguyenvanbang\programming_lesson_06\trainingframework\release-nvidia\training.fc024ec8.tlog\link.command.1.tlog
c:\users\bang8\desktop\git_test\hin018_gameloft_nguyenvanbang\programming_lesson_06\trainingframework\release-nvidia\training.fc024ec8.tlog\link.read.1.tlog
c:\users\bang8\desktop\git_test\hin018_gameloft_nguyenvanbang\programming_lesson_06\trainingframework\release-nvidia\training.fc024ec8.tlog\link.write.1.tlog
c:\users\bang8\desktop\git_test\hin018_gameloft_nguyenvanbang\programming_lesson_06\trainingframework\release-nvidia\training.fc024ec8.tlog\rc.command.1.tlog
c:\users\bang8\desktop\git_test\hin018_gameloft_nguyenvanbang\programming_lesson_06\trainingframework\release-nvidia\training.fc024ec8.tlog\rc.read.1.tlog
c:\users\bang8\desktop\git_test\hin018_gameloft_nguyenvanbang\programming_lesson_06\trainingframework\release-nvidia\training.fc024ec8.tlog\rc.write.1.tlog
c:\users\bang8\desktop\git_test\hin018_gameloft_nguyenvanbang\programming_lesson_06\trainingframework\release-nvidia\training.fc024ec8.tlog\trainingframework.write.1u.tlog
